/cvmfs/soft.computecanada.ca/gentoo/2023/x86-64-v3/usr/x86_64-pc-linux-gnu/binutils-bin/2.41/ld: /tmp/ccXrU883.o: in function `computeFMM(std::vector<Body, std::allocator<Body> >&, double, int, int, int)':
FMM.cpp:(.text+0x826): undefined reference to `ompi_mpi_comm_world'
/cvmfs/soft.computecanada.ca/gentoo/2023/x86-64-v3/usr/x86_64-pc-linux-gnu/binutils-bin/2.41/ld: FMM.cpp:(.text+0x82b): undefined reference to `ompi_mpi_double'
/cvmfs/soft.computecanada.ca/gentoo/2023/x86-64-v3/usr/x86_64-pc-linux-gnu/binutils-bin/2.41/ld: FMM.cpp:(.text+0x839): undefined reference to `ompi_mpi_op_sum'
/cvmfs/soft.computecanada.ca/gentoo/2023/x86-64-v3/usr/x86_64-pc-linux-gnu/binutils-bin/2.41/ld: FMM.cpp:(.text+0x841): undefined reference to `MPI_Allreduce'
/cvmfs/soft.computecanada.ca/gentoo/2023/x86-64-v3/usr/x86_64-pc-linux-gnu/binutils-bin/2.41/ld: /tmp/ccXrU883.o: in function `main':
FMM.cpp:(.text.startup+0x25): undefined reference to `MPI_Init'
/cvmfs/soft.computecanada.ca/gentoo/2023/x86-64-v3/usr/x86_64-pc-linux-gnu/binutils-bin/2.41/ld: FMM.cpp:(.text.startup+0x2f): undefined reference to `ompi_mpi_comm_world'
/cvmfs/soft.computecanada.ca/gentoo/2023/x86-64-v3/usr/x86_64-pc-linux-gnu/binutils-bin/2.41/ld: FMM.cpp:(.text.startup+0x34): undefined reference to `MPI_Comm_rank'
/cvmfs/soft.computecanada.ca/gentoo/2023/x86-64-v3/usr/x86_64-pc-linux-gnu/binutils-bin/2.41/ld: FMM.cpp:(.text.startup+0x3e): undefined reference to `ompi_mpi_comm_world'
/cvmfs/soft.computecanada.ca/gentoo/2023/x86-64-v3/usr/x86_64-pc-linux-gnu/binutils-bin/2.41/ld: FMM.cpp:(.text.startup+0x43): undefined reference to `MPI_Comm_size'
/cvmfs/soft.computecanada.ca/gentoo/2023/x86-64-v3/usr/x86_64-pc-linux-gnu/binutils-bin/2.41/ld: FMM.cpp:(.text.startup+0x58): undefined reference to `ompi_mpi_double'
/cvmfs/soft.computecanada.ca/gentoo/2023/x86-64-v3/usr/x86_64-pc-linux-gnu/binutils-bin/2.41/ld: FMM.cpp:(.text.startup+0x79): undefined reference to `MPI_Type_contiguous'
/cvmfs/soft.computecanada.ca/gentoo/2023/x86-64-v3/usr/x86_64-pc-linux-gnu/binutils-bin/2.41/ld: FMM.cpp:(.text.startup+0x81): undefined reference to `MPI_Type_commit'
/cvmfs/soft.computecanada.ca/gentoo/2023/x86-64-v3/usr/x86_64-pc-linux-gnu/binutils-bin/2.41/ld: FMM.cpp:(.text.startup+0x192): undefined reference to `ompi_mpi_double'
/cvmfs/soft.computecanada.ca/gentoo/2023/x86-64-v3/usr/x86_64-pc-linux-gnu/binutils-bin/2.41/ld: FMM.cpp:(.text.startup+0x1a7): undefined reference to `MPI_Type_contiguous'
/cvmfs/soft.computecanada.ca/gentoo/2023/x86-64-v3/usr/x86_64-pc-linux-gnu/binutils-bin/2.41/ld: FMM.cpp:(.text.startup+0x1af): undefined reference to `MPI_Type_commit'
/cvmfs/soft.computecanada.ca/gentoo/2023/x86-64-v3/usr/x86_64-pc-linux-gnu/binutils-bin/2.41/ld: FMM.cpp:(.text.startup+0x501): undefined reference to `ompi_mpi_comm_world'
/cvmfs/soft.computecanada.ca/gentoo/2023/x86-64-v3/usr/x86_64-pc-linux-gnu/binutils-bin/2.41/ld: FMM.cpp:(.text.startup+0x509): undefined reference to `MPI_Bcast'
/cvmfs/soft.computecanada.ca/gentoo/2023/x86-64-v3/usr/x86_64-pc-linux-gnu/binutils-bin/2.41/ld: FMM.cpp:(.text.startup+0x59a): undefined reference to `ompi_mpi_comm_world'
/cvmfs/soft.computecanada.ca/gentoo/2023/x86-64-v3/usr/x86_64-pc-linux-gnu/binutils-bin/2.41/ld: FMM.cpp:(.text.startup+0x5a7): undefined reference to `MPI_Bcast'
/cvmfs/soft.computecanada.ca/gentoo/2023/x86-64-v3/usr/x86_64-pc-linux-gnu/binutils-bin/2.41/ld: FMM.cpp:(.text.startup+0x63c): undefined reference to `MPI_Wtime'
/cvmfs/soft.computecanada.ca/gentoo/2023/x86-64-v3/usr/x86_64-pc-linux-gnu/binutils-bin/2.41/ld: FMM.cpp:(.text.startup+0x664): undefined reference to `MPI_Wtime'
/cvmfs/soft.computecanada.ca/gentoo/2023/x86-64-v3/usr/x86_64-pc-linux-gnu/binutils-bin/2.41/ld: FMM.cpp:(.text.startup+0x780): undefined reference to `MPI_Type_free'
/cvmfs/soft.computecanada.ca/gentoo/2023/x86-64-v3/usr/x86_64-pc-linux-gnu/binutils-bin/2.41/ld: FMM.cpp:(.text.startup+0x785): undefined reference to `MPI_Finalize'
/cvmfs/soft.computecanada.ca/gentoo/2023/x86-64-v3/usr/x86_64-pc-linux-gnu/binutils-bin/2.41/ld: FMM.cpp:(.text.startup+0x822): undefined reference to `ompi_mpi_comm_world'
/cvmfs/soft.computecanada.ca/gentoo/2023/x86-64-v3/usr/x86_64-pc-linux-gnu/binutils-bin/2.41/ld: FMM.cpp:(.text.startup+0x82e): undefined reference to `MPI_Bcast'
collect2: error: ld returned 1 exit status
make: *** [Makefile:7: fmm_test] Error 1
