==========================================
Job ID: 106
Job Name: fmm_2n_5t
Nodes: 2
Total Tasks: 10
Tasks per Node: 5
CPUs per Task: 8
Total CPUs: 80
==========================================
/cvmfs/soft.computecanada.ca/easybuild/software/2023/x86-64-v4/Compiler/gcc14/openmpi/5.0.8/bin/mpic++
g++ (Gentoo 14.3.0 p8) 14.3.0
Copyright (C) 2024 Free Software Foundation, Inc.
This is free software; see the source for copying conditions.  There is NO
warranty; not even for MERCHANTABILITY or FITNESS FOR A PARTICULAR PURPOSE.

Compiling...
rm -f fmm_test fmm_parallel gmon.out profile*.txt
mpic++ -std=c++14 -O3 -Wall -fopenmp -o fmm_test FMM.cpp -fopenmp -lmpi
==========================================
Running FMM simulation
Number of bodies: 500000
Iterations: 100
CPUs per Task: 8
Total CPUs: 80
Start time: Tue 18 Nov 2025 03:19:45 PM EST
==========================================
N = 500000, iterations = 100, theta = 0.2
MPI processes: 10
FMM (avg)    = 0.97053 s
==========================================
Job completed at Tue 18 Nov 2025 03:21:25 PM EST
Wall clock time: 99.563305970 seconds
==========================================
