==========================================
Job ID: 105
Job Name: fmm_2n_5t
Nodes: 2
Total Tasks: 10
Tasks per Node: 5
CPUs per Task: 8
Total CPUs: 80
==========================================
Compiling...
rm -f fmm_test fmm_parallel gmon.out profile*.txt
mpic++ -std=c++14 -O3 -Wall -fopenmp -o fmm_test FMM.cpp -fopenmp -lmpi
==========================================
Running FMM simulation
Number of bodies: 500000
Iterations: 100
CPUs per Task: 8
Total CPUs: 80
Start time: Tue 18 Nov 2025 03:19:36 PM EST
==========================================
N = 500000, iterations = 100, theta = 0.2
MPI processes: 10
FMM (avg)    = 0.976601 s
==========================================
Job completed at Tue 18 Nov 2025 03:21:16 PM EST
Wall clock time: 100.258919020 seconds
==========================================
