==========================================
Job ID: 103
Job Name: nbody_2n_20t
Nodes: 2
Total Tasks: 40
Tasks per Node: 20
CPUs per Task: 2
Total CPUs: 80
==========================================
Compiling with profiling support...
rm -f nbody_bh gmon.out profile.txt
mpic++ -std=c++14 -O3 -Wall -fopenmp -g -pg -o nbody_bh nbody_bh.cpp
Built with profiling support (-g -pg)
Run the program, then use: gprof nbody_bh gmon.out > profile.txt
==========================================
Running N-body simulation
Number of bodies: 500000
MPI processes: 40
OpenMP threads per process: 2
Total threads: 80
Start time: Mon 17 Nov 2025 05:56:06 PM EST
==========================================
N_BODIES: 500000
MPI processes: 40
OpenMP threads per process: 2
Total threads: 80

=== Iteration 0 ===
Center of Mass: (0.000687136, -0.000579682)
Total Mass: 275121

=== Iteration 10 ===
Center of Mass: (0.00375108, 0.000427589)
Total Mass: 275121

=== Iteration 20 ===
Center of Mass: (0.00681406, 0.00143411)
Total Mass: 275121

=== Iteration 30 ===
Center of Mass: (0.00987715, 0.00244064)
Total Mass: 275121

=== Iteration 40 ===
Center of Mass: (0.0129402, 0.00344723)
Total Mass: 275121

=== Iteration 50 ===
Center of Mass: (0.0160032, 0.00445382)
Total Mass: 275121

=== Iteration 60 ===
Center of Mass: (0.0190662, 0.00546045)
Total Mass: 275121

=== Iteration 70 ===
Center of Mass: (0.0221292, 0.00646709)
Total Mass: 275121

=== Iteration 80 ===
Center of Mass: (0.0251921, 0.00747373)
Total Mass: 275121

=== Iteration 90 ===
Center of Mass: (0.0282551, 0.00848035)
Total Mass: 275121

=== Simulation Complete ===
Total time: 499.804 seconds
Time per iteration: 4.99804 seconds
==========================================
Job completed at Mon 17 Nov 2025 06:04:31 PM EST
Wall clock time: 505.514598918 seconds
==========================================
Generating gprof profile...
Profile saved to profile_rank0_103.txt
