==========================================
Job ID: 98
Job Name: nbody_1n_5t
Nodes: 1
Total Tasks: 5
Tasks per Node: 5
CPUs per Task: 8
Total CPUs: 40
==========================================
Compiling with profiling support...
rm -f nbody_bh gmon.out profile.txt
mpic++ -std=c++14 -O3 -Wall -fopenmp -g -pg -o nbody_bh nbody_bh.cpp
Built with profiling support (-g -pg)
Run the program, then use: gprof nbody_bh gmon.out > profile.txt
==========================================
Running N-body simulation
Number of bodies: 500000
MPI processes: 5
OpenMP threads per process: 8
Total threads: 40
Start time: Mon 17 Nov 2025 05:55:59 PM EST
==========================================
N_BODIES: 500000
MPI processes: 5
OpenMP threads per process: 8
Total threads: 40

=== Iteration 0 ===
Center of Mass: (-0.00197706, 0.000877039)
Total Mass: 274901

=== Iteration 10 ===
Center of Mass: (-0.00355465, 0.00198728)
Total Mass: 274901

=== Iteration 20 ===
Center of Mass: (-0.00513218, 0.00309805)
Total Mass: 274901

=== Iteration 30 ===
Center of Mass: (-0.00670971, 0.0042088)
Total Mass: 274901

=== Iteration 40 ===
Center of Mass: (-0.00828737, 0.00531951)
Total Mass: 274901

=== Iteration 50 ===
Center of Mass: (-0.00986505, 0.00643024)
Total Mass: 274901

=== Iteration 60 ===
Center of Mass: (-0.0114427, 0.00754098)
Total Mass: 274901

=== Iteration 70 ===
Center of Mass: (-0.0130204, 0.00865172)
Total Mass: 274901

=== Iteration 80 ===
Center of Mass: (-0.0145981, 0.00976247)
Total Mass: 274901

=== Iteration 90 ===
Center of Mass: (-0.0161758, 0.0108732)
Total Mass: 274901

=== Simulation Complete ===
Total time: 610.919 seconds
Time per iteration: 6.10919 seconds
==========================================
Job completed at Mon 17 Nov 2025 06:06:15 PM EST
Wall clock time: 615.887225122 seconds
==========================================
Generating gprof profile...
Profile saved to profile_rank0_98.txt
