==========================================
Job ID: 102
Job Name: nbody_2n_10t
Nodes: 2
Total Tasks: 20
Tasks per Node: 10
CPUs per Task: 4
Total CPUs: 80
==========================================
Compiling with profiling support...
rm -f nbody_bh gmon.out profile.txt
mpic++ -std=c++14 -O3 -Wall -fopenmp -g -pg -o nbody_bh nbody_bh.cpp
Built with profiling support (-g -pg)
Run the program, then use: gprof nbody_bh gmon.out > profile.txt
==========================================
Running N-body simulation
Number of bodies: 500000
MPI processes: 20
OpenMP threads per process: 4
Total threads: 80
Start time: Mon 17 Nov 2025 05:56:05 PM EST
==========================================
N_BODIES: 500000
MPI processes: 20
OpenMP threads per process: 4
Total threads: 80

=== Iteration 0 ===
Center of Mass: (-0.000849714, -0.00121348)
Total Mass: 274938

=== Iteration 10 ===
Center of Mass: (0.000641892, -0.00666013)
Total Mass: 274938

=== Iteration 20 ===
Center of Mass: (0.00213387, -0.0121068)
Total Mass: 274938

=== Iteration 30 ===
Center of Mass: (0.00362551, -0.0175535)
Total Mass: 274938

=== Iteration 40 ===
Center of Mass: (0.00511718, -0.0230002)
Total Mass: 274938

=== Iteration 50 ===
Center of Mass: (0.00660888, -0.0284468)
Total Mass: 274938

=== Iteration 60 ===
Center of Mass: (0.0081006, -0.0338934)
Total Mass: 274938

=== Iteration 70 ===
Center of Mass: (0.00959234, -0.0393401)
Total Mass: 274938

=== Iteration 80 ===
Center of Mass: (0.0110841, -0.0447867)
Total Mass: 274938

=== Iteration 90 ===
Center of Mass: (0.0125759, -0.0502333)
Total Mass: 274938

=== Simulation Complete ===
Total time: 347.187 seconds
Time per iteration: 3.47187 seconds
==========================================
Job completed at Mon 17 Nov 2025 06:01:56 PM EST
Wall clock time: 351.399218491 seconds
==========================================
Generating gprof profile...
Profile saved to profile_rank0_102.txt
