==========================================
Job ID: 101
Job Name: nbody_2n_5t
Nodes: 2
Total Tasks: 10
Tasks per Node: 5
CPUs per Task: 8
Total CPUs: 80
==========================================
Compiling with profiling support...
rm -f nbody_bh gmon.out profile.txt
mpic++ -std=c++14 -O3 -Wall -fopenmp -g -pg -o nbody_bh nbody_bh.cpp
Built with profiling support (-g -pg)
Run the program, then use: gprof nbody_bh gmon.out > profile.txt
==========================================
Running N-body simulation
Number of bodies: 500000
MPI processes: 10
OpenMP threads per process: 8
Total threads: 80
Start time: Mon 17 Nov 2025 05:56:04 PM EST
==========================================
N_BODIES: 500000
MPI processes: 10
OpenMP threads per process: 8
Total threads: 80

=== Iteration 0 ===
Center of Mass: (0.00168673, -0.00340075)
Total Mass: 275222

=== Iteration 10 ===
Center of Mass: (0.032673, -0.0252698)
Total Mass: 275222

=== Iteration 20 ===
Center of Mass: (0.0636591, -0.0471383)
Total Mass: 275222

=== Iteration 30 ===
Center of Mass: (0.0946451, -0.0690069)
Total Mass: 275222

=== Iteration 40 ===
Center of Mass: (0.125631, -0.0908755)
Total Mass: 275222

=== Iteration 50 ===
Center of Mass: (0.156617, -0.112744)
Total Mass: 275222

=== Iteration 60 ===
Center of Mass: (0.187603, -0.134612)
Total Mass: 275222

=== Iteration 70 ===
Center of Mass: (0.218589, -0.156481)
Total Mass: 275222

=== Iteration 80 ===
Center of Mass: (0.249575, -0.178349)
Total Mass: 275222

=== Iteration 90 ===
Center of Mass: (0.280561, -0.200218)
Total Mass: 275222

=== Simulation Complete ===
Total time: 439.576 seconds
Time per iteration: 4.39576 seconds
==========================================
Job completed at Mon 17 Nov 2025 06:03:30 PM EST
Wall clock time: 445.558702867 seconds
==========================================
Generating gprof profile...
Profile saved to profile_rank0_101.txt
